<?xml version="1.0" encoding="UTF-8"?>
<testsuite xmlns:xsi="http://www.w3.org/2001/XMLSchema-instance" xsi:noNamespaceSchemaLocation="https://maven.apache.org/surefire/maven-surefire-plugin/xsd/surefire-test-report.xsd" name="GoogleSearchTest" time="25.672" tests="1" errors="0" skipped="0" failures="0">
  <properties>
    <property name="sun.desktop" value="windows"/>
    <property name="awt.toolkit" value="sun.awt.windows.WToolkit"/>
    <property name="file.encoding.pkg" value="sun.io"/>
    <property name="java.specification.version" value="1.8"/>
    <property name="sun.cpu.isalist" value="amd64"/>
    <property name="sun.jnu.encoding" value="Cp1251"/>
    <property name="java.class.path" value="d:\тест\Malakhova_test_Kraftvaerk\target\test-classes;d:\тест\Malakhova_test_Kraftvaerk\target\classes;C:\Users\Dasha\.m2\repository\junit\junit\4.11\junit-4.11.jar;C:\Users\Dasha\.m2\repository\org\hamcrest\hamcrest-core\1.3\hamcrest-core-1.3.jar;C:\Users\Dasha\.m2\repository\org\seleniumhq\selenium\selenium-java\2.47.2\selenium-java-2.47.2.jar;C:\Users\Dasha\.m2\repository\org\seleniumhq\selenium\selenium-chrome-driver\2.47.2\selenium-chrome-driver-2.47.2.jar;C:\Users\Dasha\.m2\repository\org\seleniumhq\selenium\selenium-remote-driver\2.47.2\selenium-remote-driver-2.47.2.jar;C:\Users\Dasha\.m2\repository\cglib\cglib-nodep\2.1_3\cglib-nodep-2.1_3.jar;C:\Users\Dasha\.m2\repository\com\google\code\gson\gson\2.3.1\gson-2.3.1.jar;C:\Users\Dasha\.m2\repository\org\seleniumhq\selenium\selenium-api\2.47.2\selenium-api-2.47.2.jar;C:\Users\Dasha\.m2\repository\com\google\guava\guava\18.0\guava-18.0.jar;C:\Users\Dasha\.m2\repository\org\seleniumhq\selenium\selenium-htmlunit-driver\2.47.2\selenium-htmlunit-driver-2.47.2.jar;C:\Users\Dasha\.m2\repository\net\sourceforge\htmlunit\htmlunit\2.17\htmlunit-2.17.jar;C:\Users\Dasha\.m2\repository\xalan\xalan\2.7.2\xalan-2.7.2.jar;C:\Users\Dasha\.m2\repository\xalan\serializer\2.7.2\serializer-2.7.2.jar;C:\Users\Dasha\.m2\repository\commons-collections\commons-collections\3.2.1\commons-collections-3.2.1.jar;C:\Users\Dasha\.m2\repository\org\apache\commons\commons-lang3\3.4\commons-lang3-3.4.jar;C:\Users\Dasha\.m2\repository\org\apache\httpcomponents\httpmime\4.4.1\httpmime-4.4.1.jar;C:\Users\Dasha\.m2\repository\commons-codec\commons-codec\1.10\commons-codec-1.10.jar;C:\Users\Dasha\.m2\repository\net\sourceforge\htmlunit\htmlunit-core-js\2.17\htmlunit-core-js-2.17.jar;C:\Users\Dasha\.m2\repository\xerces\xercesImpl\2.11.0\xercesImpl-2.11.0.jar;C:\Users\Dasha\.m2\repository\xml-apis\xml-apis\1.4.01\xml-apis-1.4.01.jar;C:\Users\Dasha\.m2\repository\net\sourceforge\nekohtml\nekohtml\1.9.22\nekohtml-1.9.22.jar;C:\Users\Dasha\.m2\repository\net\sourceforge\cssparser\cssparser\0.9.16\cssparser-0.9.16.jar;C:\Users\Dasha\.m2\repository\org\w3c\css\sac\1.3\sac-1.3.jar;C:\Users\Dasha\.m2\repository\commons-logging\commons-logging\1.2\commons-logging-1.2.jar;C:\Users\Dasha\.m2\repository\org\eclipse\jetty\websocket\websocket-client\9.2.11.v20150529\websocket-client-9.2.11.v20150529.jar;C:\Users\Dasha\.m2\repository\org\eclipse\jetty\jetty-util\9.2.11.v20150529\jetty-util-9.2.11.v20150529.jar;C:\Users\Dasha\.m2\repository\org\eclipse\jetty\jetty-io\9.2.11.v20150529\jetty-io-9.2.11.v20150529.jar;C:\Users\Dasha\.m2\repository\org\eclipse\jetty\websocket\websocket-common\9.2.11.v20150529\websocket-common-9.2.11.v20150529.jar;C:\Users\Dasha\.m2\repository\org\eclipse\jetty\websocket\websocket-api\9.2.11.v20150529\websocket-api-9.2.11.v20150529.jar;C:\Users\Dasha\.m2\repository\org\apache\httpcomponents\httpclient\4.4.1\httpclient-4.4.1.jar;C:\Users\Dasha\.m2\repository\org\apache\httpcomponents\httpcore\4.4.1\httpcore-4.4.1.jar;C:\Users\Dasha\.m2\repository\org\seleniumhq\selenium\selenium-firefox-driver\2.47.2\selenium-firefox-driver-2.47.2.jar;C:\Users\Dasha\.m2\repository\commons-io\commons-io\2.4\commons-io-2.4.jar;C:\Users\Dasha\.m2\repository\org\apache\commons\commons-exec\1.3\commons-exec-1.3.jar;C:\Users\Dasha\.m2\repository\org\seleniumhq\selenium\selenium-ie-driver\2.47.2\selenium-ie-driver-2.47.2.jar;C:\Users\Dasha\.m2\repository\net\java\dev\jna\jna\4.1.0\jna-4.1.0.jar;C:\Users\Dasha\.m2\repository\net\java\dev\jna\jna-platform\4.1.0\jna-platform-4.1.0.jar;C:\Users\Dasha\.m2\repository\org\seleniumhq\selenium\selenium-safari-driver\2.47.2\selenium-safari-driver-2.47.2.jar;C:\Users\Dasha\.m2\repository\org\seleniumhq\selenium\selenium-support\2.47.2\selenium-support-2.47.2.jar;C:\Users\Dasha\.m2\repository\org\webbitserver\webbit\0.4.14\webbit-0.4.14.jar;C:\Users\Dasha\.m2\repository\io\netty\netty\3.5.2.Final\netty-3.5.2.Final.jar;C:\Users\Dasha\.m2\repository\org\seleniumhq\selenium\selenium-leg-rc\2.47.2\selenium-leg-rc-2.47.2.jar;C:\Users\Dasha\.m2\repository\org\apache\maven\plugins\maven-surefire-plugin\3.0.0-M3\maven-surefire-plugin-3.0.0-M3.jar;C:\Users\Dasha\.m2\repository\org\apache\maven\surefire\maven-surefire-common\3.0.0-M3\maven-surefire-common-3.0.0-M3.jar;C:\Users\Dasha\.m2\repository\org\apache\maven\surefire\surefire-api\3.0.0-M3\surefire-api-3.0.0-M3.jar;C:\Users\Dasha\.m2\repository\org\apache\maven\surefire\surefire-logger-api\3.0.0-M3\surefire-logger-api-3.0.0-M3.jar;C:\Users\Dasha\.m2\repository\org\apache\maven\surefire\surefire-booter\3.0.0-M3\surefire-booter-3.0.0-M3.jar;C:\Users\Dasha\.m2\repository\org\apache\maven\maven-toolchain\3.0-alpha-2\maven-toolchain-3.0-alpha-2.jar;C:\Users\Dasha\.m2\repository\org\apache\maven\maven-core\3.0-alpha-2\maven-core-3.0-alpha-2.jar;C:\Users\Dasha\.m2\repository\org\apache\maven\maven-lifecycle\3.0-alpha-2\maven-lifecycle-3.0-alpha-2.jar;C:\Users\Dasha\.m2\repository\org\apache\maven\maven-reporting-api\3.0-alpha-2\maven-reporting-api-3.0-alpha-2.jar;C:\Users\Dasha\.m2\repository\org\apache\maven\doxia\doxia-sink-api\1.0-alpha-9\doxia-sink-api-1.0-alpha-9.jar;C:\Users\Dasha\.m2\repository\org\apache\maven\maven-model\3.0-alpha-2\maven-model-3.0-alpha-2.jar;C:\Users\Dasha\.m2\repository\org\apache\maven\maven-plugin-api\3.0-alpha-2\maven-plugin-api-3.0-alpha-2.jar;C:\Users\Dasha\.m2\repository\org\codehaus\plexus\plexus-container-default\1.0-beta-3.0.5\plexus-container-default-1.0-beta-3.0.5.jar;C:\Users\Dasha\.m2\repository\org\apache\xbean\xbean-reflect\3.4\xbean-reflect-3.4.jar;C:\Users\Dasha\.m2\repository\log4j\log4j\1.2.12\log4j-1.2.12.jar;C:\Users\Dasha\.m2\repository\commons-logging\commons-logging-api\1.1\commons-logging-api-1.1.jar;C:\Users\Dasha\.m2\repository\com\google\code\google-collections\google-collect\snapshot-20080530\google-collect-snapshot-20080530.jar;C:\Users\Dasha\.m2\repository\org\apache\maven\maven-project\3.0-alpha-2\maven-project-3.0-alpha-2.jar;C:\Users\Dasha\.m2\repository\org\codehaus\woodstox\wstx-asl\3.2.6\wstx-asl-3.2.6.jar;C:\Users\Dasha\.m2\repository\org\apache\maven\maven-project-builder\3.0-alpha-2\maven-project-builder-3.0-alpha-2.jar;C:\Users\Dasha\.m2\repository\commons-cli\commons-cli\1.0\commons-cli-1.0.jar;C:\Users\Dasha\.m2\repository\org\codehaus\plexus\plexus-interactivity-api\1.0-alpha-6\plexus-interactivity-api-1.0-alpha-6.jar;C:\Users\Dasha\.m2\repository\org\codehaus\plexus\plexus-interpolation\1.1\plexus-interpolation-1.1.jar;C:\Users\Dasha\.m2\repository\org\codehaus\plexus\plexus-utils\1.5.6\plexus-utils-1.5.6.jar;C:\Users\Dasha\.m2\repository\org\codehaus\plexus\plexus-classworlds\1.3\plexus-classworlds-1.3.jar;C:\Users\Dasha\.m2\repository\org\codehaus\plexus\plexus-component-annotations\1.0-beta-3.0.5\plexus-component-annotations-1.0-beta-3.0.5.jar;C:\Users\Dasha\.m2\repository\org\sonatype\plexus\plexus-plugin-manager\1.0-alpha-1\plexus-plugin-manager-1.0-alpha-1.jar;C:\Users\Dasha\.m2\repository\org\apache\maven\mercury\mercury-plexus\1.0.0-alpha-2\mercury-plexus-1.0.0-alpha-2.jar;C:\Users\Dasha\.m2\repository\org\apache\maven\mercury\mercury-repo-remote-m2\1.0.0-alpha-2\mercury-repo-remote-m2-1.0.0-alpha-2.jar;C:\Users\Dasha\.m2\repository\org\apache\maven\mercury\mercury-repo-api\1.0.0-alpha-2\mercury-repo-api-1.0.0-alpha-2.jar;C:\Users\Dasha\.m2\repository\org\apache\maven\mercury\mercury-transport-api\1.0.0-alpha-2\mercury-transport-api-1.0.0-alpha-2.jar;C:\Users\Dasha\.m2\repository\org\apache\maven\mercury\mercury-crypto-api\1.0.0-alpha-2\mercury-crypto-api-1.0.0-alpha-2.jar;C:\Users\Dasha\.m2\repository\org\apache\maven\mercury\mercury-transport-http\1.0.0-alpha-2\mercury-transport-http-1.0.0-alpha-2.jar;C:\Users\Dasha\.m2\repository\org\mortbay\jetty\jetty-client\6.1.12\jetty-client-6.1.12.jar;C:\Users\Dasha\.m2\repository\org\mortbay\jetty\jetty-sslengine\6.1.12\jetty-sslengine-6.1.12.jar;C:\Users\Dasha\.m2\repository\org\mortbay\jetty\jetty\6.1.12\jetty-6.1.12.jar;C:\Users\Dasha\.m2\repository\org\mortbay\jetty\jetty-util\6.1.12\jetty-util-6.1.12.jar;C:\Users\Dasha\.m2\repository\org\mortbay\jetty\servlet-api-2.5\6.1.12\servlet-api-2.5-6.1.12.jar;C:\Users\Dasha\.m2\repository\org\apache\maven\mercury\mercury-crypto-basic\1.0.0-alpha-2\mercury-crypto-basic-1.0.0-alpha-2.jar;C:\Users\Dasha\.m2\repository\bouncycastle\bcprov-jdk15\140\bcprov-jdk15-140.jar;C:\Users\Dasha\.m2\repository\bouncycastle\bcpg-jdk15\140\bcpg-jdk15-140.jar;C:\Users\Dasha\.m2\repository\org\apache\maven\mercury\mercury-md-shared\1.0.0-alpha-2\mercury-md-shared-1.0.0-alpha-2.jar;C:\Users\Dasha\.m2\repository\org\apache\maven\mercury\mercury-util\1.0.0-alpha-2\mercury-util-1.0.0-alpha-2.jar;C:\Users\Dasha\.m2\repository\org\apache\maven\mercury\mercury-repo-local-m2\1.0.0-alpha-2\mercury-repo-local-m2-1.0.0-alpha-2.jar;C:\Users\Dasha\.m2\repository\org\apache\maven\mercury\mercury-repo-virtual\1.0.0-alpha-2\mercury-repo-virtual-1.0.0-alpha-2.jar;C:\Users\Dasha\.m2\repository\org\apache\maven\mercury\mercury-repo-cache-fs\1.0.0-alpha-2\mercury-repo-cache-fs-1.0.0-alpha-2.jar;C:\Users\Dasha\.m2\repository\org\apache\maven\mercury\mercury-md-sat\1.0.0-alpha-2\mercury-md-sat-1.0.0-alpha-2.jar;C:\Users\Dasha\.m2\repository\org\sat4j\org.sat4j.core\2.0.4\org.sat4j.core-2.0.4.jar;C:\Users\Dasha\.m2\repository\org\sat4j\org.sat4j.pb\2.0.4\org.sat4j.pb-2.0.4.jar;C:\Users\Dasha\.m2\repository\org\apache\maven\mercury\mercury-event\1.0.0-alpha-2\mercury-event-1.0.0-alpha-2.jar;C:\Users\Dasha\.m2\repository\org\apache\maven\mercury\mercury-logging\1.0.0-alpha-2\mercury-logging-1.0.0-alpha-2.jar;C:\Users\Dasha\.m2\repository\org\codehaus\plexus\plexus-lang\1.1\plexus-lang-1.1.jar;C:\Users\Dasha\.m2\repository\org\slf4j\slf4j-jdk14\1.5.3\slf4j-jdk14-1.5.3.jar;C:\Users\Dasha\.m2\repository\org\slf4j\slf4j-api\1.5.3\slf4j-api-1.5.3.jar;C:\Users\Dasha\.m2\repository\org\apache\maven\maven-mercury\3.0-alpha-2\maven-mercury-3.0-alpha-2.jar;C:\Users\Dasha\.m2\repository\org\apache\maven\mercury\mercury-artifact\1.0.0-alpha-2\mercury-artifact-1.0.0-alpha-2.jar;C:\Users\Dasha\.m2\repository\org\apache\maven\mercury\mercury-external\1.0.0-alpha-2\mercury-external-1.0.0-alpha-2.jar;C:\Users\Dasha\.m2\repository\org\sonatype\spice\model-builder\1.3\model-builder-1.3.jar;C:\Users\Dasha\.m2\repository\stax\stax-api\1.0.1\stax-api-1.0.1.jar;C:\Users\Dasha\.m2\repository\org\apache\maven\maven-compat\3.0-alpha-2\maven-compat-3.0-alpha-2.jar;C:\Users\Dasha\.m2\repository\org\apache\maven\wagon\wagon-provider-api\1.0-beta-4\wagon-provider-api-1.0-beta-4.jar;C:\Users\Dasha\.m2\repository\org\codehaus\plexus\plexus-java\1.0.1\plexus-java-1.0.1.jar;C:\Users\Dasha\.m2\repository\org\ow2\asm\asm\7.0-beta\asm-7.0-beta.jar;C:\Users\Dasha\.m2\repository\com\thoughtworks\qdox\qdox\2.0-M9\qdox-2.0-M9.jar;"/>
    <property name="java.vm.vendor" value="Oracle Corporation"/>
    <property name="sun.arch.data.model" value="64"/>
    <property name="user.variant" value=""/>
    <property name="java.vendor.url" value="http://java.oracle.com/"/>
    <property name="user.timezone" value="Europe/Moscow"/>
    <property name="java.vm.specification.version" value="1.8"/>
    <property name="os.name" value="Windows 7"/>
    <property name="user.country" value="RU"/>
    <property name="sun.java.launcher" value="SUN_STANDARD"/>
    <property name="sun.boot.library.path" value="C:\Program Files\Java\jdk1.8.0_181\jre\bin"/>
    <property name="sun.java.command" value="C:\Users\Dasha\AppData\Local\Temp\surefire3621168940358114302\surefirebooter8252502448913653963.jar C:\Users\Dasha\AppData\Local\Temp\surefire3621168940358114302 2019-01-11T01-39-33_781-jvmRun1 surefire5462820933832710318tmp surefire_01763284189152130466tmp"/>
    <property name="surefire.test.class.path" value="d:\тест\Malakhova_test_Kraftvaerk\target\test-classes;d:\тест\Malakhova_test_Kraftvaerk\target\classes;C:\Users\Dasha\.m2\repository\junit\junit\4.11\junit-4.11.jar;C:\Users\Dasha\.m2\repository\org\hamcrest\hamcrest-core\1.3\hamcrest-core-1.3.jar;C:\Users\Dasha\.m2\repository\org\seleniumhq\selenium\selenium-java\2.47.2\selenium-java-2.47.2.jar;C:\Users\Dasha\.m2\repository\org\seleniumhq\selenium\selenium-chrome-driver\2.47.2\selenium-chrome-driver-2.47.2.jar;C:\Users\Dasha\.m2\repository\org\seleniumhq\selenium\selenium-remote-driver\2.47.2\selenium-remote-driver-2.47.2.jar;C:\Users\Dasha\.m2\repository\cglib\cglib-nodep\2.1_3\cglib-nodep-2.1_3.jar;C:\Users\Dasha\.m2\repository\com\google\code\gson\gson\2.3.1\gson-2.3.1.jar;C:\Users\Dasha\.m2\repository\org\seleniumhq\selenium\selenium-api\2.47.2\selenium-api-2.47.2.jar;C:\Users\Dasha\.m2\repository\com\google\guava\guava\18.0\guava-18.0.jar;C:\Users\Dasha\.m2\repository\org\seleniumhq\selenium\selenium-htmlunit-driver\2.47.2\selenium-htmlunit-driver-2.47.2.jar;C:\Users\Dasha\.m2\repository\net\sourceforge\htmlunit\htmlunit\2.17\htmlunit-2.17.jar;C:\Users\Dasha\.m2\repository\xalan\xalan\2.7.2\xalan-2.7.2.jar;C:\Users\Dasha\.m2\repository\xalan\serializer\2.7.2\serializer-2.7.2.jar;C:\Users\Dasha\.m2\repository\commons-collections\commons-collections\3.2.1\commons-collections-3.2.1.jar;C:\Users\Dasha\.m2\repository\org\apache\commons\commons-lang3\3.4\commons-lang3-3.4.jar;C:\Users\Dasha\.m2\repository\org\apache\httpcomponents\httpmime\4.4.1\httpmime-4.4.1.jar;C:\Users\Dasha\.m2\repository\commons-codec\commons-codec\1.10\commons-codec-1.10.jar;C:\Users\Dasha\.m2\repository\net\sourceforge\htmlunit\htmlunit-core-js\2.17\htmlunit-core-js-2.17.jar;C:\Users\Dasha\.m2\repository\xerces\xercesImpl\2.11.0\xercesImpl-2.11.0.jar;C:\Users\Dasha\.m2\repository\xml-apis\xml-apis\1.4.01\xml-apis-1.4.01.jar;C:\Users\Dasha\.m2\repository\net\sourceforge\nekohtml\nekohtml\1.9.22\nekohtml-1.9.22.jar;C:\Users\Dasha\.m2\repository\net\sourceforge\cssparser\cssparser\0.9.16\cssparser-0.9.16.jar;C:\Users\Dasha\.m2\repository\org\w3c\css\sac\1.3\sac-1.3.jar;C:\Users\Dasha\.m2\repository\commons-logging\commons-logging\1.2\commons-logging-1.2.jar;C:\Users\Dasha\.m2\repository\org\eclipse\jetty\websocket\websocket-client\9.2.11.v20150529\websocket-client-9.2.11.v20150529.jar;C:\Users\Dasha\.m2\repository\org\eclipse\jetty\jetty-util\9.2.11.v20150529\jetty-util-9.2.11.v20150529.jar;C:\Users\Dasha\.m2\repository\org\eclipse\jetty\jetty-io\9.2.11.v20150529\jetty-io-9.2.11.v20150529.jar;C:\Users\Dasha\.m2\repository\org\eclipse\jetty\websocket\websocket-common\9.2.11.v20150529\websocket-common-9.2.11.v20150529.jar;C:\Users\Dasha\.m2\repository\org\eclipse\jetty\websocket\websocket-api\9.2.11.v20150529\websocket-api-9.2.11.v20150529.jar;C:\Users\Dasha\.m2\repository\org\apache\httpcomponents\httpclient\4.4.1\httpclient-4.4.1.jar;C:\Users\Dasha\.m2\repository\org\apache\httpcomponents\httpcore\4.4.1\httpcore-4.4.1.jar;C:\Users\Dasha\.m2\repository\org\seleniumhq\selenium\selenium-firefox-driver\2.47.2\selenium-firefox-driver-2.47.2.jar;C:\Users\Dasha\.m2\repository\commons-io\commons-io\2.4\commons-io-2.4.jar;C:\Users\Dasha\.m2\repository\org\apache\commons\commons-exec\1.3\commons-exec-1.3.jar;C:\Users\Dasha\.m2\repository\org\seleniumhq\selenium\selenium-ie-driver\2.47.2\selenium-ie-driver-2.47.2.jar;C:\Users\Dasha\.m2\repository\net\java\dev\jna\jna\4.1.0\jna-4.1.0.jar;C:\Users\Dasha\.m2\repository\net\java\dev\jna\jna-platform\4.1.0\jna-platform-4.1.0.jar;C:\Users\Dasha\.m2\repository\org\seleniumhq\selenium\selenium-safari-driver\2.47.2\selenium-safari-driver-2.47.2.jar;C:\Users\Dasha\.m2\repository\org\seleniumhq\selenium\selenium-support\2.47.2\selenium-support-2.47.2.jar;C:\Users\Dasha\.m2\repository\org\webbitserver\webbit\0.4.14\webbit-0.4.14.jar;C:\Users\Dasha\.m2\repository\io\netty\netty\3.5.2.Final\netty-3.5.2.Final.jar;C:\Users\Dasha\.m2\repository\org\seleniumhq\selenium\selenium-leg-rc\2.47.2\selenium-leg-rc-2.47.2.jar;C:\Users\Dasha\.m2\repository\org\apache\maven\plugins\maven-surefire-plugin\3.0.0-M3\maven-surefire-plugin-3.0.0-M3.jar;C:\Users\Dasha\.m2\repository\org\apache\maven\surefire\maven-surefire-common\3.0.0-M3\maven-surefire-common-3.0.0-M3.jar;C:\Users\Dasha\.m2\repository\org\apache\maven\surefire\surefire-api\3.0.0-M3\surefire-api-3.0.0-M3.jar;C:\Users\Dasha\.m2\repository\org\apache\maven\surefire\surefire-logger-api\3.0.0-M3\surefire-logger-api-3.0.0-M3.jar;C:\Users\Dasha\.m2\repository\org\apache\maven\surefire\surefire-booter\3.0.0-M3\surefire-booter-3.0.0-M3.jar;C:\Users\Dasha\.m2\repository\org\apache\maven\maven-toolchain\3.0-alpha-2\maven-toolchain-3.0-alpha-2.jar;C:\Users\Dasha\.m2\repository\org\apache\maven\maven-core\3.0-alpha-2\maven-core-3.0-alpha-2.jar;C:\Users\Dasha\.m2\repository\org\apache\maven\maven-lifecycle\3.0-alpha-2\maven-lifecycle-3.0-alpha-2.jar;C:\Users\Dasha\.m2\repository\org\apache\maven\maven-reporting-api\3.0-alpha-2\maven-reporting-api-3.0-alpha-2.jar;C:\Users\Dasha\.m2\repository\org\apache\maven\doxia\doxia-sink-api\1.0-alpha-9\doxia-sink-api-1.0-alpha-9.jar;C:\Users\Dasha\.m2\repository\org\apache\maven\maven-model\3.0-alpha-2\maven-model-3.0-alpha-2.jar;C:\Users\Dasha\.m2\repository\org\apache\maven\maven-plugin-api\3.0-alpha-2\maven-plugin-api-3.0-alpha-2.jar;C:\Users\Dasha\.m2\repository\org\codehaus\plexus\plexus-container-default\1.0-beta-3.0.5\plexus-container-default-1.0-beta-3.0.5.jar;C:\Users\Dasha\.m2\repository\org\apache\xbean\xbean-reflect\3.4\xbean-reflect-3.4.jar;C:\Users\Dasha\.m2\repository\log4j\log4j\1.2.12\log4j-1.2.12.jar;C:\Users\Dasha\.m2\repository\commons-logging\commons-logging-api\1.1\commons-logging-api-1.1.jar;C:\Users\Dasha\.m2\repository\com\google\code\google-collections\google-collect\snapshot-20080530\google-collect-snapshot-20080530.jar;C:\Users\Dasha\.m2\repository\org\apache\maven\maven-project\3.0-alpha-2\maven-project-3.0-alpha-2.jar;C:\Users\Dasha\.m2\repository\org\codehaus\woodstox\wstx-asl\3.2.6\wstx-asl-3.2.6.jar;C:\Users\Dasha\.m2\repository\org\apache\maven\maven-project-builder\3.0-alpha-2\maven-project-builder-3.0-alpha-2.jar;C:\Users\Dasha\.m2\repository\commons-cli\commons-cli\1.0\commons-cli-1.0.jar;C:\Users\Dasha\.m2\repository\org\codehaus\plexus\plexus-interactivity-api\1.0-alpha-6\plexus-interactivity-api-1.0-alpha-6.jar;C:\Users\Dasha\.m2\repository\org\codehaus\plexus\plexus-interpolation\1.1\plexus-interpolation-1.1.jar;C:\Users\Dasha\.m2\repository\org\codehaus\plexus\plexus-utils\1.5.6\plexus-utils-1.5.6.jar;C:\Users\Dasha\.m2\repository\org\codehaus\plexus\plexus-classworlds\1.3\plexus-classworlds-1.3.jar;C:\Users\Dasha\.m2\repository\org\codehaus\plexus\plexus-component-annotations\1.0-beta-3.0.5\plexus-component-annotations-1.0-beta-3.0.5.jar;C:\Users\Dasha\.m2\repository\org\sonatype\plexus\plexus-plugin-manager\1.0-alpha-1\plexus-plugin-manager-1.0-alpha-1.jar;C:\Users\Dasha\.m2\repository\org\apache\maven\mercury\mercury-plexus\1.0.0-alpha-2\mercury-plexus-1.0.0-alpha-2.jar;C:\Users\Dasha\.m2\repository\org\apache\maven\mercury\mercury-repo-remote-m2\1.0.0-alpha-2\mercury-repo-remote-m2-1.0.0-alpha-2.jar;C:\Users\Dasha\.m2\repository\org\apache\maven\mercury\mercury-repo-api\1.0.0-alpha-2\mercury-repo-api-1.0.0-alpha-2.jar;C:\Users\Dasha\.m2\repository\org\apache\maven\mercury\mercury-transport-api\1.0.0-alpha-2\mercury-transport-api-1.0.0-alpha-2.jar;C:\Users\Dasha\.m2\repository\org\apache\maven\mercury\mercury-crypto-api\1.0.0-alpha-2\mercury-crypto-api-1.0.0-alpha-2.jar;C:\Users\Dasha\.m2\repository\org\apache\maven\mercury\mercury-transport-http\1.0.0-alpha-2\mercury-transport-http-1.0.0-alpha-2.jar;C:\Users\Dasha\.m2\repository\org\mortbay\jetty\jetty-client\6.1.12\jetty-client-6.1.12.jar;C:\Users\Dasha\.m2\repository\org\mortbay\jetty\jetty-sslengine\6.1.12\jetty-sslengine-6.1.12.jar;C:\Users\Dasha\.m2\repository\org\mortbay\jetty\jetty\6.1.12\jetty-6.1.12.jar;C:\Users\Dasha\.m2\repository\org\mortbay\jetty\jetty-util\6.1.12\jetty-util-6.1.12.jar;C:\Users\Dasha\.m2\repository\org\mortbay\jetty\servlet-api-2.5\6.1.12\servlet-api-2.5-6.1.12.jar;C:\Users\Dasha\.m2\repository\org\apache\maven\mercury\mercury-crypto-basic\1.0.0-alpha-2\mercury-crypto-basic-1.0.0-alpha-2.jar;C:\Users\Dasha\.m2\repository\bouncycastle\bcprov-jdk15\140\bcprov-jdk15-140.jar;C:\Users\Dasha\.m2\repository\bouncycastle\bcpg-jdk15\140\bcpg-jdk15-140.jar;C:\Users\Dasha\.m2\repository\org\apache\maven\mercury\mercury-md-shared\1.0.0-alpha-2\mercury-md-shared-1.0.0-alpha-2.jar;C:\Users\Dasha\.m2\repository\org\apache\maven\mercury\mercury-util\1.0.0-alpha-2\mercury-util-1.0.0-alpha-2.jar;C:\Users\Dasha\.m2\repository\org\apache\maven\mercury\mercury-repo-local-m2\1.0.0-alpha-2\mercury-repo-local-m2-1.0.0-alpha-2.jar;C:\Users\Dasha\.m2\repository\org\apache\maven\mercury\mercury-repo-virtual\1.0.0-alpha-2\mercury-repo-virtual-1.0.0-alpha-2.jar;C:\Users\Dasha\.m2\repository\org\apache\maven\mercury\mercury-repo-cache-fs\1.0.0-alpha-2\mercury-repo-cache-fs-1.0.0-alpha-2.jar;C:\Users\Dasha\.m2\repository\org\apache\maven\mercury\mercury-md-sat\1.0.0-alpha-2\mercury-md-sat-1.0.0-alpha-2.jar;C:\Users\Dasha\.m2\repository\org\sat4j\org.sat4j.core\2.0.4\org.sat4j.core-2.0.4.jar;C:\Users\Dasha\.m2\repository\org\sat4j\org.sat4j.pb\2.0.4\org.sat4j.pb-2.0.4.jar;C:\Users\Dasha\.m2\repository\org\apache\maven\mercury\mercury-event\1.0.0-alpha-2\mercury-event-1.0.0-alpha-2.jar;C:\Users\Dasha\.m2\repository\org\apache\maven\mercury\mercury-logging\1.0.0-alpha-2\mercury-logging-1.0.0-alpha-2.jar;C:\Users\Dasha\.m2\repository\org\codehaus\plexus\plexus-lang\1.1\plexus-lang-1.1.jar;C:\Users\Dasha\.m2\repository\org\slf4j\slf4j-jdk14\1.5.3\slf4j-jdk14-1.5.3.jar;C:\Users\Dasha\.m2\repository\org\slf4j\slf4j-api\1.5.3\slf4j-api-1.5.3.jar;C:\Users\Dasha\.m2\repository\org\apache\maven\maven-mercury\3.0-alpha-2\maven-mercury-3.0-alpha-2.jar;C:\Users\Dasha\.m2\repository\org\apache\maven\mercury\mercury-artifact\1.0.0-alpha-2\mercury-artifact-1.0.0-alpha-2.jar;C:\Users\Dasha\.m2\repository\org\apache\maven\mercury\mercury-external\1.0.0-alpha-2\mercury-external-1.0.0-alpha-2.jar;C:\Users\Dasha\.m2\repository\org\sonatype\spice\model-builder\1.3\model-builder-1.3.jar;C:\Users\Dasha\.m2\repository\stax\stax-api\1.0.1\stax-api-1.0.1.jar;C:\Users\Dasha\.m2\repository\org\apache\maven\maven-compat\3.0-alpha-2\maven-compat-3.0-alpha-2.jar;C:\Users\Dasha\.m2\repository\org\apache\maven\wagon\wagon-provider-api\1.0-beta-4\wagon-provider-api-1.0-beta-4.jar;C:\Users\Dasha\.m2\repository\org\codehaus\plexus\plexus-java\1.0.1\plexus-java-1.0.1.jar;C:\Users\Dasha\.m2\repository\org\ow2\asm\asm\7.0-beta\asm-7.0-beta.jar;C:\Users\Dasha\.m2\repository\com\thoughtworks\qdox\qdox\2.0-M9\qdox-2.0-M9.jar;"/>
    <property name="sun.cpu.endian" value="little"/>
    <property name="user.home" value="C:\Users\Dasha"/>
    <property name="user.language" value="ru"/>
    <property name="java.specification.vendor" value="Oracle Corporation"/>
    <property name="java.home" value="C:\Program Files\Java\jdk1.8.0_181\jre"/>
    <property name="basedir" value="d:\тест\Malakhova_test_Kraftvaerk"/>
    <property name="file.separator" value="\"/>
    <property name="line.separator" value="&#10;"/>
    <property name="java.vm.specification.vendor" value="Oracle Corporation"/>
    <property name="java.specification.name" value="Java Platform API Specification"/>
    <property name="java.awt.graphicsenv" value="sun.awt.Win32GraphicsEnvironment"/>
    <property name="surefire.real.class.path" value="C:\Users\Dasha\AppData\Local\Temp\surefire3621168940358114302\surefirebooter8252502448913653963.jar"/>
    <property name="sun.boot.class.path" value="C:\Program Files\Java\jdk1.8.0_181\jre\lib\resources.jar;C:\Program Files\Java\jdk1.8.0_181\jre\lib\rt.jar;C:\Program Files\Java\jdk1.8.0_181\jre\lib\sunrsasign.jar;C:\Program Files\Java\jdk1.8.0_181\jre\lib\jsse.jar;C:\Program Files\Java\jdk1.8.0_181\jre\lib\jce.jar;C:\Program Files\Java\jdk1.8.0_181\jre\lib\charsets.jar;C:\Program Files\Java\jdk1.8.0_181\jre\lib\jfr.jar;C:\Program Files\Java\jdk1.8.0_181\jre\classes"/>
    <property name="user.script" value=""/>
    <property name="sun.management.compiler" value="HotSpot 64-Bit Tiered Compilers"/>
    <property name="java.runtime.version" value="1.8.0_181-b13"/>
    <property name="user.name" value="Dasha"/>
    <property name="path.separator" value=";"/>
    <property name="os.version" value="6.1"/>
    <property name="java.endorsed.dirs" value="C:\Program Files\Java\jdk1.8.0_181\jre\lib\endorsed"/>
    <property name="java.runtime.name" value="Java(TM) SE Runtime Environment"/>
    <property name="file.encoding" value="Cp1251"/>
    <property name="java.vm.name" value="Java HotSpot(TM) 64-Bit Server VM"/>
    <property name="localRepository" value="C:\Users\Dasha\.m2\repository"/>
    <property name="java.vendor.url.bug" value="http://bugreport.sun.com/bugreport/"/>
    <property name="java.io.tmpdir" value="C:\Users\Dasha\AppData\Local\Temp\"/>
    <property name="java.version" value="1.8.0_181"/>
    <property name="user.dir" value="d:\тест\Malakhova_test_Kraftvaerk"/>
    <property name="os.arch" value="amd64"/>
    <property name="java.vm.specification.name" value="Java Virtual Machine Specification"/>
    <property name="java.awt.printerjob" value="sun.awt.windows.WPrinterJob"/>
    <property name="sun.os.patch.level" value="Service Pack 1"/>
    <property name="java.library.path" value="C:\Program Files\Java\jdk1.8.0_181\jre\bin;C:\Windows\Sun\Java\bin;C:\Windows\system32;C:\Windows;C:\Program Files (x86)\Mozilla Firefox;C:\Python34;C:\Python34\Scripts;C:\Windows\system32;C:\Windows;C:\Windows\System32\Wbem;C:\Windows\System32\WindowsPowerShell\v1.0\;C:\Program Files\Broadcom\Broadcom 802.11 Network Adapter\Driver;C:\Program Files (x86)\ATI Technologies\ATI.ACE\Core-Static;C:\Program Files\Git\cmd;C:\Program Files\TortoiseGit\bin;C:\apache-maven-3.6.0\\bin;C:\Program Files\Java\jdk1.8.0_181\\bin;;."/>
    <property name="java.vm.info" value="mixed mode"/>
    <property name="java.vendor" value="Oracle Corporation"/>
    <property name="java.vm.version" value="25.181-b13"/>
    <property name="java.ext.dirs" value="C:\Program Files\Java\jdk1.8.0_181\jre\lib\ext;C:\Windows\Sun\Java\lib\ext"/>
    <property name="sun.io.unicode.encoding" value="UnicodeLittle"/>
    <property name="java.class.version" value="52.0"/>
  </properties>
  <testcase name="GoogleSearch" classname="GoogleSearchTest" time="25.562"/>
</testsuite>